Arguments: 
  C:\Program Files\nodejs\node.exe C:\Program Files (x86)\Yarn\bin\yarn.js install

PATH: 
  C:\WINDOWS\system32;C:\WINDOWS;C:\WINDOWS\System32\Wbem;C:\WINDOWS\System32\WindowsPowerShell\v1.0\;C:\WINDOWS\System32\OpenSSH\;C:\Program Files\Git\cmd;C:\Users\tiderjian\AppData\Roaming\nvm;C:\Program Files\nodejs;C:\glide-v0.13.3-windows-amd64\windows-amd64;C:\Program Files (x86)\Yarn\bin\;C:\Users\tiderjian\AppData\Local\Android\Sdk\platform-tools;D:\apache-maven-3.6.3\bin;C:\Program Files (x86)\Bitvise SSH Client;C:\Program Files\Docker\Docker\resources\bin;C:\ProgramData\DockerDesktop\version-bin;C:\Users\tiderjian\.cargo\bin;C:\Users\tiderjian\.windows-build-tools\python27\;C:\Users\tiderjian\AppData\Local\Microsoft\WindowsApps;C:\Users\tiderjian\AppData\Local\Programs\Microsoft VS Code\bin;C:\Users\tiderjian\AppData\Roaming\nvm;C:\Program Files\nodejs;D:\work\study\go-work\bin;C:\Users\tiderjian\AppData\Local\Yarn\bin;C:\Users\tiderjian\AppData\Local\Microsoft\WindowsApps;

Yarn version: 
  1.22.4

Node version: 
  14.17.0

Platform: 
  win32 x64

Trace: 
  Error: ENOENT: no such file or directory, copyfile 'C:\Users\tiderjian\AppData\Local\Yarn\Cache\v6\npm-ms-2.1.2-d09d1f357b443f493382a8eb3ccd183872ae6009-integrity\node_modules\ms\package.json' -> 'D:\work\www\qscmf_dev\package\quansitech\qscmf-antd-builder\js\node_modules\@babel\core\node_modules\ms\package.json'

npm manifest: 
  {
    "devDependencies": {
      "@babel/core": "^7.0.1",
      "@babel/plugin-proposal-class-properties": "^7.7.4",
      "@babel/preset-env": "^7.0.0",
      "@babel/preset-react": "^7.6.3",
      "babel-loader": "^8.0.6",
      "babel-plugin-import": "^1.13.0",
      "babel-polyfill": "^6.26.0",
      "clean-webpack-plugin": "^3.0.0",
      "css-loader": "^3.2.0",
      "html-webpack-plugin": "^3.2.0",
      "style-loader": "^1.0.0",
      "webpack": "^4.41.2",
      "webpack-bundle-analyzer": "^3.7.0",
      "webpack-cli": "^3.3.9",
      "webpack-dev-server": "^3.9.0",
      "webpack-merge": "^4.2.2"
    },
    "scripts": {
      "start": "webpack-dev-server --open --config webpack.dev.conf.js",
      "build": "webpack --config webpack.prod.conf.js"
    },
    "dependencies": {
      "@ant-design/icons": "^4.6.3",
      "antd": "^4.3.0",
      "react": "^17.0.0",
      "react-dom": "^17.0.0"
    }
  }

yarn manifest: 
  No manifest

Lockfile: 
  No lockfile
